<?xml version="1.0" encoding="UTF-8"?>
<!-- Generated by org.testng.reporters.JUnitReportReporter -->
<testsuite hostname="CHAOS" failures="0" tests="5" name="com.herokuapp.theinternet.ExceptionsTest" time="50.720" errors="0" timestamp="2023-03-05T13:58:26 EST" skipped="0">
  <testcase classname="com.herokuapp.theinternet.ExceptionsTest" name="NoSuchElement" time="10.349"/>
  <system-out/>
  <testcase classname="com.herokuapp.theinternet.ExceptionsTest" name="StaleElementReferenceException" time="5.440"/>
  <system-out/>
  <testcase classname="com.herokuapp.theinternet.ExceptionsTest" name="TimeoutException" time="13.294"/>
  <system-out/>
  <testcase classname="com.herokuapp.theinternet.ExceptionsTest" name="InvalidElementStateException" time="5.118"/>
  <system-out/>
  <testcase classname="com.herokuapp.theinternet.ExceptionsTest" name="ElementNotInteractableException" time="16.519"/>
  <system-out/>
</testsuite> <!-- com.herokuapp.theinternet.ExceptionsTest -->
