<?xml version="1.0" encoding="UTF-8"?>
<!-- Generated by org.testng.reporters.JUnitReportReporter -->
<testsuite hostname="CHAOS" failures="0" tests="1" name="com.herokuapp.theinternet.LoginTests" time="3.602" errors="0" timestamp="2023-03-05T14:05:30 EST" skipped="0">
  <testcase classname="com.herokuapp.theinternet.LoginTests" name="loginTest" time="3.602"/>
  <system-out/>
</testsuite> <!-- com.herokuapp.theinternet.LoginTests -->
