<?xml version="1.0" encoding="UTF-8"?>
<!-- Generated by org.testng.reporters.JUnitReportReporter -->
<testsuite hostname="CHAOS" failures="0" tests="2" name="com.herokuapp.theinternet.NegativeTests" time="12.377" errors="0" timestamp="2023-03-05T14:05:52 EST" skipped="0">
  <testcase classname="com.herokuapp.theinternet.NegativeTests" name="invalidTest" time="6.493"/>
  <system-out/>
  <testcase classname="com.herokuapp.theinternet.NegativeTests" name="invalidTest" time="5.884"/>
  <system-out/>
</testsuite> <!-- com.herokuapp.theinternet.NegativeTests -->
