<?xml version="1.0" encoding="UTF-8"?>
<!-- Generated by org.testng.reporters.JUnitReportReporter -->
<testsuite hostname="CHAOS" failures="0" tests="1" name="com.herokuapp.theinternet.PositiveTests" time="5.381" errors="0" timestamp="2023-03-05T09:58:45 EST" skipped="0">
  <testcase classname="com.herokuapp.theinternet.PositiveTests" name="loginTest" time="5.381"/>
  <system-out/>
</testsuite> <!-- com.herokuapp.theinternet.PositiveTests -->
